<?xml version="1.0" encoding="UTF-8"?>
<testsuite xmlns:xsi="http://www.w3.org/2001/XMLSchema-instance" xsi:noNamespaceSchemaLocation="https://maven.apache.org/surefire/maven-surefire-plugin/xsd/surefire-test-report-3.0.xsd" version="3.0" name="flightapp.PasswordUtilsTest" time="6.347" tests="8" errors="0" skipped="0" failures="0">
  <properties>
[...]
</properties>
  <testcase name="testDetectsDifferingPasswords" classname="flightapp.PasswordUtilsTest" time="0.993"/>
  <testcase name="testSaltLengthsAreConsistent" classname="flightapp.PasswordUtilsTest" time="0"/>
  <testcase name="testCanMatchPlaintextToHash" classname="flightapp.PasswordUtilsTest" time="0.885"/>
  <testcase name="testSuccessiveSaltsDiffer" classname="flightapp.PasswordUtilsTest" time="0.002"/>
  <testcase name="testPasswordsAreSalted" classname="flightapp.PasswordUtilsTest" time="0.89"/>
  <testcase name="testPasswordsAreUnique" classname="flightapp.PasswordUtilsTest" time="0.875"/>
  <testcase name="testDifferentInputsProduceDifferentOutputs" classname="flightapp.PasswordUtilsTest" time="1.775"/>
  <testcase name="testSameInputsProduceConsistentOutputs" classname="flightapp.PasswordUtilsTest" time="0.902"/>
</testsuite>