<?xml version="1.0" encoding="UTF-8"?>
<testsuite xmlns:xsi="http://www.w3.org/2001/XMLSchema-instance" xsi:noNamespaceSchemaLocation="https://maven.apache.org/surefire/maven-surefire-plugin/xsd/surefire-test-report-3.0.xsd" version="3.0" name="flightapp.FlightServiceTest" time="15.021" tests="15" errors="0" skipped="0" failures="0">
  <properties>
[...]
</properties>
  <testcase name="runTest[0]" classname="flightapp.FlightServiceTest" time="1.28">
    <system-out><![CDATA[Running test setup...
... using dbconn.properties for test credentials
... attempting to connect as lmswar@flights to server localhost
... resetting database (ie, dropping all tables with suffix: lmswar)
... running createTables.sql

Starting tests
Running test file: /homes/iws/lmswar/344/flightapp-startercode/cases/transaction/reservations/reservations_1UserBooks1UserLooks_Parallel.test.txt
]]></system-out>
  </testcase>
  <testcase name="runTest[1]" classname="flightapp.FlightServiceTest" time="0.536">
    <system-out><![CDATA[Running test file: /homes/iws/lmswar/344/flightapp-startercode/cases/transaction/create/create_2UsersSameName_Parallel.test.txt
]]></system-out>
  </testcase>
  <testcase name="runTest[2]" classname="flightapp.FlightServiceTest" time="0.535">
    <system-out><![CDATA[Running test file: /homes/iws/lmswar/344/flightapp-startercode/cases/transaction/create/create_2UsersDifferentName.test.txt
]]></system-out>
  </testcase>
  <testcase name="runTest[3]" classname="flightapp.FlightServiceTest" time="0.986">
    <system-out><![CDATA[Running test file: /homes/iws/lmswar/344/flightapp-startercode/cases/transaction/search/search_differentUsersSameQuery.test.txt
]]></system-out>
  </testcase>
  <testcase name="runTest[4]" classname="flightapp.FlightServiceTest" time="1.054">
    <system-out><![CDATA[Running test file: /homes/iws/lmswar/344/flightapp-startercode/cases/transaction/book/book_2Users2Flights.test.txt
]]></system-out>
  </testcase>
  <testcase name="runTest[5]" classname="flightapp.FlightServiceTest" time="1.085">
    <system-out><![CDATA[Running test file: /homes/iws/lmswar/344/flightapp-startercode/cases/transaction/book/book_1User1FlightTwice.test.txt
]]></system-out>
  </testcase>
  <testcase name="runTest[6]" classname="flightapp.FlightServiceTest" time="1.021">
    <system-out><![CDATA[Running test file: /homes/iws/lmswar/344/flightapp-startercode/cases/transaction/book/book_withoutSearch.test.txt
]]></system-out>
  </testcase>
  <testcase name="runTest[7]" classname="flightapp.FlightServiceTest" time="1.059">
    <system-out><![CDATA[Running test file: /homes/iws/lmswar/344/flightapp-startercode/cases/transaction/book/book_2Users1FlightNoCapacity.test.txt
]]></system-out>
  </testcase>
  <testcase name="runTest[8]" classname="flightapp.FlightServiceTest" time="1.012">
    <system-out><![CDATA[Running test file: /homes/iws/lmswar/344/flightapp-startercode/cases/transaction/book/book_1User2Flight1Day_Parallel.test.txt
]]></system-out>
  </testcase>
  <testcase name="runTest[9]" classname="flightapp.FlightServiceTest" time="0.997">
    <system-out><![CDATA[Running test file: /homes/iws/lmswar/344/flightapp-startercode/cases/transaction/login/login_createUserInOtherSession.test.txt
]]></system-out>
  </testcase>
  <testcase name="runTest[10]" classname="flightapp.FlightServiceTest" time="0.991">
    <system-out><![CDATA[Running test file: /homes/iws/lmswar/344/flightapp-startercode/cases/transaction/login/login_sameUserWrongPass_Parallel.test.txt
]]></system-out>
  </testcase>
  <testcase name="runTest[11]" classname="flightapp.FlightServiceTest" time="0.999">
    <system-out><![CDATA[Running test file: /homes/iws/lmswar/344/flightapp-startercode/cases/transaction/login/login_sameUsers.test.txt
]]></system-out>
  </testcase>
  <testcase name="runTest[12]" classname="flightapp.FlightServiceTest" time="1.014">
    <system-out><![CDATA[Running test file: /homes/iws/lmswar/344/flightapp-startercode/cases/transaction/login/login_differentUsers.test.txt
]]></system-out>
  </testcase>
  <testcase name="runTest[13]" classname="flightapp.FlightServiceTest" time="1.06">
    <system-out><![CDATA[Running test file: /homes/iws/lmswar/344/flightapp-startercode/cases/transaction/pay/pay_sameReservation_Parallel.test.txt
]]></system-out>
  </testcase>
  <testcase name="runTest[14]" classname="flightapp.FlightServiceTest" time="1.025">
    <system-out><![CDATA[Running test file: /homes/iws/lmswar/344/flightapp-startercode/cases/transaction/pay/pay_wrongUser.test.txt
]]></system-out>
  </testcase>
</testsuite>